<?xml version="1.0" encoding="UTF-8"?>
<!-- Generated by org.testng.reporters.JUnitReportReporter -->
<testsuite hostname="Donalds-Mac-Pro.socal.rr.com" name="example.NewTest" tests="1" failures="0" timestamp="6 Nov 2016 18:39:15 GMT" time="3.409" errors="0">
  <testcase name="testEasy" time="3.409" classname="example.NewTest"/>
</testsuite> <!-- example.NewTest -->
